                    CHRIS' BODACIOUS ACCOUNTS RECIEVABLE REPORT             PAGE  1

 CUSTOMER                          PREVIOUS         CURRENT       CURRENT         CURRENT
  NUMBER     CUSTOMER NAME         BALANCE         PURCHASES     PMTS/CRDTS       BALANCE

   00782   DATAINFO INC           21,525.00CR      32,400.00      53,925.00            .00CR
   09316   THINK INC                  62.50CR            .00          62.50            .00CR
   12963   ALGORITHMS LTD               .00CR         155.75         160.00           4.25CR
   13526   ALPHA RESEARCH             29.99CR       1,348.63          29.99       1,348.63CR
   13528   INPUT CORP              4,990.00CR            .00            .00       4,990.00CR
   14632   COMP DISTRIBUTING       8,000.00CR       2,000.00            .00      10,000.00CR
   15820   NORTHERN RESEARCH      13,500.00CR      13,500.00            .00      27,000.00CR
   16915   OUTPUT OUTLET             995.00CR            .00         100.00         895.00CR
   17222   TOTAL CONCEPTS               .00CR         149.95         119.95          30.00CR
   19200   COST PLUS COMPUTER        575.50CR         382.75         575.50         382.75CR
   19815   INFOCORP                  750.00CR         125.50         875.50            .00CR
   20356   COMPUSHOP                 642.50CR            .00         541.50         101.00CR
   24813   STATE UNIVERSITY             .00CR         100.00         100.00            .00CR
   32518   HAL INC               332,560.00CR     102,135.00     242,000.00     192,695.00CR
   32529   XYZ CORP                6,225.95CR            .00       6,225.95            .00CR
   32560   COUNTY COLLEGE               .00CR            .00            .00            .00CR
   38412   BETA TEST CO            5,000.00CR            .00       5,500.00         500.00CR
   40125   CED CORP                7,500.00CR         625.00         750.00       7,375.00CR
   41509   SUSAN THOMPSON            600.00CR            .00         542.00          58.00CR
   48359   SMALL BUS COMP INC      4,995.00CR       1,825.00         795.00       6,025.00CR
   49700   FIRST SYSTEMS                .00CR       7,500.00            .00       7,500.00CR
   52613   IO STORE                  823.94CR            .00         500.00         323.94CR
   56003   MEDICAL SYSTEMS CO           .00CR       1,250.00       2,057.50         807.50CR
   56219   UNIVERSITY ASSOC        4,200.00CR         350.00       2,500.00       2,050.00CR
   56247   NEW TECH CORP           6,143.88CR       1,752.83       4,500.00       3,396.71CR                    CHRIS' BODACIOUS ACCOUNTS RECIEVABLE REPORT             PAGE  2

 CUSTOMER                          PREVIOUS         CURRENT       CURRENT         CURRENT
  NUMBER     CUSTOMER NAME         BALANCE         PURCHASES     PMTS/CRDTS       BALANCE

   64827   CITY HIGH SCHOOL             .00CR           7.75           7.75            .00CR
   66115   HOUSEHOLD COMP          1,000.00CR         250.00         250.00       1,000.00CR
   68208   TRAVEL UNLIMITED       22,525.00CR       4,750.00       5,500.00      21,775.00CR
   69035   WESTERN CAMPUS        115,000.00CR            .00      10,000.00     105,000.00CR
   71421   JOHN SMITH                 13.49CR          12.43          16.28           9.64CR
   71422   MARY JONES                   .00CR            .00            .00            .00CR
   71423   ALFREDS                88,300.00CR       8,125.00      50,000.00      46,425.00CR
   71424   NANCY LEE                 755.90CR            .00         755.90            .00CR


                        TOTALS   646,713.65CR     178,745.59     388,390.32     439,692.42CR
